2019-12-03 23:41:22.255 [restartedMain] INFO  com.xlian.XlianAdminWebApplication - Starting XlianAdminWebApplication on DESKTOP-A66MP9K with PID 19560 (E:\IdeaProject\xlian-admin-web\target\classes started by TONGXIN in E:\IdeaProject\xlian-admin-web)
2019-12-03 23:41:22.257 [restartedMain] DEBUG com.xlian.XlianAdminWebApplication - Running with Spring Boot v2.2.1.RELEASE, Spring v5.2.1.RELEASE
2019-12-03 23:41:22.258 [restartedMain] INFO  com.xlian.XlianAdminWebApplication - No active profile set, falling back to default profiles: default
2019-12-03 23:41:22.342 [restartedMain] INFO  o.s.b.d.env.DevToolsPropertyDefaultsPostProcessor - Devtools property defaults active! Set 'spring.devtools.add-properties' to 'false' to disable
2019-12-03 23:41:22.343 [restartedMain] INFO  o.s.b.d.env.DevToolsPropertyDefaultsPostProcessor - For additional web related logging consider setting the 'logging.level.web' property to 'DEBUG'
2019-12-03 23:41:24.650 [restartedMain] INFO  o.s.boot.web.embedded.tomcat.TomcatWebServer - Tomcat initialized with port(s): 8080 (http)
2019-12-03 23:41:24.656 [restartedMain] INFO  org.apache.coyote.http11.Http11NioProtocol - Initializing ProtocolHandler ["http-nio-8080"]
2019-12-03 23:41:24.656 [restartedMain] INFO  org.apache.catalina.core.StandardService - Starting service [Tomcat]
2019-12-03 23:41:24.656 [restartedMain] INFO  org.apache.catalina.core.StandardEngine - Starting Servlet engine: [Apache Tomcat/9.0.27]
2019-12-03 23:41:24.740 [restartedMain] INFO  o.a.c.core.ContainerBase.[Tomcat].[localhost].[/] - Initializing Spring embedded WebApplicationContext
2019-12-03 23:41:24.740 [restartedMain] INFO  org.springframework.web.context.ContextLoader - Root WebApplicationContext: initialization completed in 2397 ms
2019-12-03 23:41:24.930 [restartedMain] INFO  c.a.d.s.b.a.DruidDataSourceAutoConfigure - Init DruidDataSource
2019-12-03 23:41:25.146 [restartedMain] INFO  com.alibaba.druid.pool.DruidDataSource - {dataSource-1} inited
2019-12-03 23:41:25.767 [restartedMain] INFO  o.s.scheduling.concurrent.ThreadPoolTaskExecutor - Initializing ExecutorService 'applicationTaskExecutor'
2019-12-03 23:41:26.060 [restartedMain] INFO  o.s.b.d.autoconfigure.OptionalLiveReloadServer - LiveReload server is running on port 35729
2019-12-03 23:41:26.086 [restartedMain] INFO  org.apache.coyote.http11.Http11NioProtocol - Starting ProtocolHandler ["http-nio-8080"]
2019-12-03 23:41:26.103 [restartedMain] INFO  o.s.boot.web.embedded.tomcat.TomcatWebServer - Tomcat started on port(s): 8080 (http) with context path ''
2019-12-03 23:41:26.105 [restartedMain] INFO  com.xlian.XlianAdminWebApplication - Started XlianAdminWebApplication in 4.298 seconds (JVM running for 5.968)
2019-12-03 23:41:55.356 [http-nio-8080-exec-2] INFO  o.a.c.core.ContainerBase.[Tomcat].[localhost].[/] - Initializing Spring DispatcherServlet 'dispatcherServlet'
2019-12-03 23:41:55.356 [http-nio-8080-exec-2] INFO  org.springframework.web.servlet.DispatcherServlet - Initializing Servlet 'dispatcherServlet'
2019-12-03 23:41:55.365 [http-nio-8080-exec-2] INFO  org.springframework.web.servlet.DispatcherServlet - Completed initialization in 9 ms
2019-12-03 23:41:55.499 [http-nio-8080-exec-2] INFO  com.xlian.system.aop.LogAop - 请求地址 : http://127.0.0.1:8080/login
2019-12-03 23:41:55.500 [http-nio-8080-exec-2] INFO  com.xlian.system.aop.LogAop - HTTP METHOD : POST
2019-12-03 23:41:55.501 [http-nio-8080-exec-2] INFO  com.xlian.system.aop.LogAop - CLASS_METHOD : com.xlian.system.controller.LoginController.login
2019-12-03 23:41:55.501 [http-nio-8080-exec-2] INFO  com.xlian.system.aop.LogAop - 参数 : [User(Id=null, username=superadmin, name=null, password=sdhs635=-ej73,.ksdf93, email=null, mobile=null, sex=null, birth=null, image=null, status=null, createTime=null, updateTime=null), org.apache.catalina.connector.RequestFacade@1f25e07c]
2019-12-03 23:41:55.712 [http-nio-8080-exec-2] DEBUG com.xlian.system.dao.UserDao.findByCondition - ==>  Preparing: select * from sys_user WHERE username LIKE CONCAT('%', ?, '%') 
2019-12-03 23:41:55.723 [http-nio-8080-exec-2] DEBUG com.xlian.system.dao.UserDao.findByCondition - ==> Parameters: superadmin(String)
2019-12-03 23:41:55.736 [http-nio-8080-exec-2] DEBUG com.xlian.system.dao.UserDao.findByCondition - <==      Total: 1
2019-12-03 23:41:55.748 [http-nio-8080-exec-2] INFO  com.xlian.system.aop.LogAop - 耗时 : 248
2019-12-03 23:41:55.830 [http-nio-8080-exec-2] INFO  com.xlian.system.aop.LogAop - 返回值 : {"data":{"birth":1574265083000,"createTime":1574265083000,"email":"895146920@qq.com","id":1,"image":"https://wpimg.wallstcn.com/f778738c-e4f8-4870-b634-56703b4acafe.gif","mobile":"18171376336","name":"超级管理员","password":"1b181759fc521e7798fa1e87fa960d8f","sex":1,"status":1,"updateTime":1574265083000,"username":"superadmin"},"msg":"成功","status":200}
2019-12-03 23:41:56.114 [http-nio-8080-exec-1] INFO  com.xlian.system.aop.LogAop - 请求地址 : http://127.0.0.1:8080/system/menu/list
2019-12-03 23:41:56.115 [http-nio-8080-exec-1] INFO  com.xlian.system.aop.LogAop - HTTP METHOD : GET
2019-12-03 23:41:56.115 [http-nio-8080-exec-1] INFO  com.xlian.system.aop.LogAop - CLASS_METHOD : com.xlian.system.controller.MenuController.getMenuPageList
2019-12-03 23:41:56.115 [http-nio-8080-exec-1] INFO  com.xlian.system.aop.LogAop - 参数 : [MenuDto(pageNum=1, pageSize=10, id=null, parentId=0, name=null, url=null, type=null, icon=null, orderNum=null, status=null, createTime=null, updateTime=null, children=null)]
2019-12-03 23:41:56.176 [http-nio-8080-exec-1] DEBUG com.xlian.system.dao.MenuDao.findByCondition_COUNT - ==>  Preparing: SELECT count(0) FROM sys_menu WHERE parent_id = ? 
2019-12-03 23:41:56.176 [http-nio-8080-exec-1] DEBUG com.xlian.system.dao.MenuDao.findByCondition_COUNT - ==> Parameters: 0(Integer)
2019-12-03 23:41:56.180 [http-nio-8080-exec-1] DEBUG com.xlian.system.dao.MenuDao.findByCondition_COUNT - <==      Total: 1
2019-12-03 23:41:56.182 [http-nio-8080-exec-1] DEBUG com.xlian.system.dao.MenuDao.findByCondition - ==>  Preparing: select * from sys_menu WHERE parent_id = ? LIMIT ? 
2019-12-03 23:41:56.182 [http-nio-8080-exec-1] DEBUG com.xlian.system.dao.MenuDao.findByCondition - ==> Parameters: 0(Integer), 10(Integer)
2019-12-03 23:41:56.183 [http-nio-8080-exec-1] DEBUG com.xlian.system.dao.MenuDao.findByCondition - <==      Total: 1
2019-12-03 23:41:56.184 [http-nio-8080-exec-1] DEBUG com.xlian.system.dao.MenuDao.findByCondition - ==>  Preparing: select * from sys_menu WHERE parent_id = ? 
2019-12-03 23:41:56.185 [http-nio-8080-exec-1] DEBUG com.xlian.system.dao.MenuDao.findByCondition - ==> Parameters: 1(Integer)
2019-12-03 23:41:56.187 [http-nio-8080-exec-1] DEBUG com.xlian.system.dao.MenuDao.findByCondition - <==      Total: 4
2019-12-03 23:41:56.187 [http-nio-8080-exec-1] DEBUG com.xlian.system.dao.MenuDao.findByCondition - ==>  Preparing: select * from sys_menu WHERE parent_id = ? 
2019-12-03 23:41:56.188 [http-nio-8080-exec-1] DEBUG com.xlian.system.dao.MenuDao.findByCondition - ==> Parameters: 10(Integer)
2019-12-03 23:41:56.188 [http-nio-8080-exec-1] DEBUG com.xlian.system.dao.MenuDao.findByCondition - <==      Total: 0
2019-12-03 23:41:56.189 [http-nio-8080-exec-1] DEBUG com.xlian.system.dao.MenuDao.findByCondition - ==>  Preparing: select * from sys_menu WHERE parent_id = ? 
2019-12-03 23:41:56.189 [http-nio-8080-exec-1] DEBUG com.xlian.system.dao.MenuDao.findByCondition - ==> Parameters: 8(Integer)
2019-12-03 23:41:56.190 [http-nio-8080-exec-1] DEBUG com.xlian.system.dao.MenuDao.findByCondition - <==      Total: 0
2019-12-03 23:41:56.190 [http-nio-8080-exec-1] DEBUG com.xlian.system.dao.MenuDao.findByCondition - ==>  Preparing: select * from sys_menu WHERE parent_id = ? 
2019-12-03 23:41:56.191 [http-nio-8080-exec-1] DEBUG com.xlian.system.dao.MenuDao.findByCondition - ==> Parameters: 7(Integer)
2019-12-03 23:41:56.191 [http-nio-8080-exec-1] DEBUG com.xlian.system.dao.MenuDao.findByCondition - <==      Total: 0
2019-12-03 23:41:56.193 [http-nio-8080-exec-1] DEBUG com.xlian.system.dao.MenuDao.findByCondition - ==>  Preparing: select * from sys_menu WHERE parent_id = ? 
2019-12-03 23:41:56.194 [http-nio-8080-exec-1] DEBUG com.xlian.system.dao.MenuDao.findByCondition - ==> Parameters: 6(Integer)
2019-12-03 23:41:56.196 [http-nio-8080-exec-1] DEBUG com.xlian.system.dao.MenuDao.findByCondition - <==      Total: 0
2019-12-03 23:41:56.198 [http-nio-8080-exec-1] INFO  com.xlian.system.aop.LogAop - 耗时 : 84
2019-12-03 23:41:56.203 [http-nio-8080-exec-1] INFO  com.xlian.system.aop.LogAop - 返回值 : {"data":[{"children":[{"createTime":1574561450000,"icon":"","id":6,"name":"菜单管理","orderNum":0,"pageNum":1,"pageSize":10,"parentId":1,"status":1,"type":1,"updateTime":1575169033000,"url":"/menu"},{"createTime":1574567432000,"icon":"","id":7,"name":"用户管理","orderNum":0,"pageNum":1,"pageSize":10,"parentId":1,"status":1,"type":1,"updateTime":1575169039000,"url":"/user"},{"createTime":1574567637000,"icon":"","id":8,"name":"部门管理","orderNum":0,"pageNum":1,"pageSize":10,"parentId":1,"status":1,"type":1,"updateTime":1575169043000,"url":"/dept"},{"createTime":1574567919000,"icon":"","id":10,"name":"角色管理","orderNum":0,"pageNum":1,"pageSize":10,"parentId":1,"status":1,"type":1,"updateTime":1575169046000,"url":"/role"}],"createTime":1574554658000,"icon":"el-icon-setting","id":1,"name":"系统管理","orderNum":0,"pageNum":1,"pageSize":10,"parentId":0,"status":1,"type":1,"updateTime":1575314067000,"url":"/system"}],"msg":"成功","pageNum":1,"pageSize":10,"status":200,"total":1}
2019-12-03 23:42:03.373 [http-nio-8080-exec-3] INFO  com.xlian.system.aop.LogAop - 请求地址 : http://127.0.0.1:8080/system/menu/list
2019-12-03 23:42:03.373 [http-nio-8080-exec-3] INFO  com.xlian.system.aop.LogAop - HTTP METHOD : GET
2019-12-03 23:42:03.373 [http-nio-8080-exec-3] INFO  com.xlian.system.aop.LogAop - CLASS_METHOD : com.xlian.system.controller.MenuController.getMenuPageList
2019-12-03 23:42:03.373 [http-nio-8080-exec-3] INFO  com.xlian.system.aop.LogAop - 参数 : [MenuDto(pageNum=1, pageSize=10, id=null, parentId=0, name=, url=null, type=null, icon=null, orderNum=null, status=null, createTime=null, updateTime=null, children=null)]
2019-12-03 23:42:03.374 [http-nio-8080-exec-3] DEBUG com.xlian.system.dao.MenuDao.findByCondition_COUNT - ==>  Preparing: SELECT count(0) FROM sys_menu WHERE parent_id = ? 
2019-12-03 23:42:03.374 [http-nio-8080-exec-3] DEBUG com.xlian.system.dao.MenuDao.findByCondition_COUNT - ==> Parameters: 0(Integer)
2019-12-03 23:42:03.375 [http-nio-8080-exec-3] DEBUG com.xlian.system.dao.MenuDao.findByCondition_COUNT - <==      Total: 1
2019-12-03 23:42:03.375 [http-nio-8080-exec-3] DEBUG com.xlian.system.dao.MenuDao.findByCondition - ==>  Preparing: select * from sys_menu WHERE parent_id = ? LIMIT ? 
2019-12-03 23:42:03.376 [http-nio-8080-exec-3] DEBUG com.xlian.system.dao.MenuDao.findByCondition - ==> Parameters: 0(Integer), 10(Integer)
2019-12-03 23:42:03.376 [http-nio-8080-exec-3] DEBUG com.xlian.system.dao.MenuDao.findByCondition - <==      Total: 1
2019-12-03 23:42:03.377 [http-nio-8080-exec-3] DEBUG com.xlian.system.dao.MenuDao.findByCondition - ==>  Preparing: select * from sys_menu WHERE parent_id = ? 
2019-12-03 23:42:03.377 [http-nio-8080-exec-3] DEBUG com.xlian.system.dao.MenuDao.findByCondition - ==> Parameters: 1(Integer)
2019-12-03 23:42:03.378 [http-nio-8080-exec-3] DEBUG com.xlian.system.dao.MenuDao.findByCondition - <==      Total: 4
2019-12-03 23:42:03.379 [http-nio-8080-exec-3] DEBUG com.xlian.system.dao.MenuDao.findByCondition - ==>  Preparing: select * from sys_menu WHERE parent_id = ? 
2019-12-03 23:42:03.379 [http-nio-8080-exec-3] DEBUG com.xlian.system.dao.MenuDao.findByCondition - ==> Parameters: 10(Integer)
2019-12-03 23:42:03.380 [http-nio-8080-exec-3] DEBUG com.xlian.system.dao.MenuDao.findByCondition - <==      Total: 0
2019-12-03 23:42:03.381 [http-nio-8080-exec-3] DEBUG com.xlian.system.dao.MenuDao.findByCondition - ==>  Preparing: select * from sys_menu WHERE parent_id = ? 
2019-12-03 23:42:03.381 [http-nio-8080-exec-3] DEBUG com.xlian.system.dao.MenuDao.findByCondition - ==> Parameters: 8(Integer)
2019-12-03 23:42:03.381 [http-nio-8080-exec-3] DEBUG com.xlian.system.dao.MenuDao.findByCondition - <==      Total: 0
2019-12-03 23:42:03.382 [http-nio-8080-exec-3] DEBUG com.xlian.system.dao.MenuDao.findByCondition - ==>  Preparing: select * from sys_menu WHERE parent_id = ? 
2019-12-03 23:42:03.382 [http-nio-8080-exec-3] DEBUG com.xlian.system.dao.MenuDao.findByCondition - ==> Parameters: 7(Integer)
2019-12-03 23:42:03.382 [http-nio-8080-exec-3] DEBUG com.xlian.system.dao.MenuDao.findByCondition - <==      Total: 0
2019-12-03 23:42:03.382 [http-nio-8080-exec-3] DEBUG com.xlian.system.dao.MenuDao.findByCondition - ==>  Preparing: select * from sys_menu WHERE parent_id = ? 
2019-12-03 23:42:03.383 [http-nio-8080-exec-3] DEBUG com.xlian.system.dao.MenuDao.findByCondition - ==> Parameters: 6(Integer)
2019-12-03 23:42:03.383 [http-nio-8080-exec-3] DEBUG com.xlian.system.dao.MenuDao.findByCondition - <==      Total: 0
2019-12-03 23:42:03.384 [http-nio-8080-exec-3] INFO  com.xlian.system.aop.LogAop - 耗时 : 11
2019-12-03 23:42:03.384 [http-nio-8080-exec-3] INFO  com.xlian.system.aop.LogAop - 返回值 : {"data":[{"children":[{"createTime":1574561450000,"icon":"","id":6,"name":"菜单管理","orderNum":0,"pageNum":1,"pageSize":10,"parentId":1,"status":1,"type":1,"updateTime":1575169033000,"url":"/menu"},{"createTime":1574567432000,"icon":"","id":7,"name":"用户管理","orderNum":0,"pageNum":1,"pageSize":10,"parentId":1,"status":1,"type":1,"updateTime":1575169039000,"url":"/user"},{"createTime":1574567637000,"icon":"","id":8,"name":"部门管理","orderNum":0,"pageNum":1,"pageSize":10,"parentId":1,"status":1,"type":1,"updateTime":1575169043000,"url":"/dept"},{"createTime":1574567919000,"icon":"","id":10,"name":"角色管理","orderNum":0,"pageNum":1,"pageSize":10,"parentId":1,"status":1,"type":1,"updateTime":1575169046000,"url":"/role"}],"createTime":1574554658000,"icon":"el-icon-setting","id":1,"name":"系统管理","orderNum":0,"pageNum":1,"pageSize":10,"parentId":0,"status":1,"type":1,"updateTime":1575314067000,"url":"/system"}],"msg":"成功","pageNum":1,"pageSize":10,"status":200,"total":1}
2019-12-03 23:44:37.485 [http-nio-8080-exec-4] INFO  com.xlian.system.aop.LogAop - 请求地址 : http://127.0.0.1:8080/system/dept/list
2019-12-03 23:44:37.485 [http-nio-8080-exec-4] INFO  com.xlian.system.aop.LogAop - HTTP METHOD : GET
2019-12-03 23:44:37.485 [http-nio-8080-exec-4] INFO  com.xlian.system.aop.LogAop - CLASS_METHOD : com.xlian.system.controller.DeptController.getDeptPageList
2019-12-03 23:44:37.485 [http-nio-8080-exec-4] INFO  com.xlian.system.aop.LogAop - 参数 : [DeptDto(pageNum=1, pageSize=10, id=null, parentId=0, deptName=, status=null, orderNum=null, createTime=null, updateTime=null, children=null)]
2019-12-03 23:44:37.491 [http-nio-8080-exec-4] DEBUG com.xlian.system.dao.DeptDao.findByCondition_COUNT - ==>  Preparing: SELECT count(0) FROM sys_dept WHERE parent_id = ? 
2019-12-03 23:44:37.491 [http-nio-8080-exec-4] DEBUG com.xlian.system.dao.DeptDao.findByCondition_COUNT - ==> Parameters: 0(Integer)
2019-12-03 23:44:37.494 [http-nio-8080-exec-4] DEBUG com.xlian.system.dao.DeptDao.findByCondition_COUNT - <==      Total: 1
2019-12-03 23:44:37.495 [http-nio-8080-exec-4] DEBUG com.xlian.system.dao.DeptDao.findByCondition - ==>  Preparing: select * from sys_dept WHERE parent_id = ? LIMIT ? 
2019-12-03 23:44:37.496 [http-nio-8080-exec-4] DEBUG com.xlian.system.dao.DeptDao.findByCondition - ==> Parameters: 0(Integer), 10(Integer)
2019-12-03 23:44:37.496 [http-nio-8080-exec-4] DEBUG com.xlian.system.dao.DeptDao.findByCondition - <==      Total: 1
2019-12-03 23:44:37.497 [http-nio-8080-exec-4] DEBUG com.xlian.system.dao.DeptDao.findByCondition - ==>  Preparing: select * from sys_dept WHERE parent_id = ? 
2019-12-03 23:44:37.497 [http-nio-8080-exec-4] DEBUG com.xlian.system.dao.DeptDao.findByCondition - ==> Parameters: 2(Integer)
2019-12-03 23:44:37.497 [http-nio-8080-exec-4] DEBUG com.xlian.system.dao.DeptDao.findByCondition - <==      Total: 0
2019-12-03 23:44:37.497 [http-nio-8080-exec-4] INFO  com.xlian.system.aop.LogAop - 耗时 : 13
2019-12-03 23:44:37.499 [http-nio-8080-exec-4] INFO  com.xlian.system.aop.LogAop - 返回值 : {"data":[{"createTime":1574697846000,"deptName":"信息","id":2,"pageNum":1,"pageSize":10,"parentId":0,"status":1,"updateTime":1574697846000}],"msg":"成功","pageNum":1,"pageSize":10,"status":200,"total":1}
2019-12-03 23:47:12.346 [http-nio-8080-exec-5] INFO  com.xlian.system.aop.LogAop - 请求地址 : http://127.0.0.1:8080/system/dept/list
2019-12-03 23:47:12.346 [http-nio-8080-exec-5] INFO  com.xlian.system.aop.LogAop - HTTP METHOD : GET
2019-12-03 23:47:12.346 [http-nio-8080-exec-5] INFO  com.xlian.system.aop.LogAop - CLASS_METHOD : com.xlian.system.controller.DeptController.getDeptPageList
2019-12-03 23:47:12.346 [http-nio-8080-exec-5] INFO  com.xlian.system.aop.LogAop - 参数 : [DeptDto(pageNum=1, pageSize=10, id=null, parentId=0, deptName=, status=null, orderNum=null, createTime=null, updateTime=null, children=null)]
2019-12-03 23:47:12.347 [http-nio-8080-exec-5] DEBUG com.xlian.system.dao.DeptDao.findByCondition_COUNT - ==>  Preparing: SELECT count(0) FROM sys_dept WHERE parent_id = ? 
2019-12-03 23:47:12.348 [http-nio-8080-exec-5] DEBUG com.xlian.system.dao.DeptDao.findByCondition_COUNT - ==> Parameters: 0(Integer)
2019-12-03 23:47:12.348 [http-nio-8080-exec-5] DEBUG com.xlian.system.dao.DeptDao.findByCondition_COUNT - <==      Total: 1
2019-12-03 23:47:12.349 [http-nio-8080-exec-5] DEBUG com.xlian.system.dao.DeptDao.findByCondition - ==>  Preparing: select * from sys_dept WHERE parent_id = ? LIMIT ? 
2019-12-03 23:47:12.349 [http-nio-8080-exec-5] DEBUG com.xlian.system.dao.DeptDao.findByCondition - ==> Parameters: 0(Integer), 10(Integer)
2019-12-03 23:47:12.350 [http-nio-8080-exec-5] DEBUG com.xlian.system.dao.DeptDao.findByCondition - <==      Total: 1
2019-12-03 23:47:12.350 [http-nio-8080-exec-5] DEBUG com.xlian.system.dao.DeptDao.findByCondition - ==>  Preparing: select * from sys_dept WHERE parent_id = ? 
2019-12-03 23:47:12.350 [http-nio-8080-exec-5] DEBUG com.xlian.system.dao.DeptDao.findByCondition - ==> Parameters: 2(Integer)
2019-12-03 23:47:12.351 [http-nio-8080-exec-5] DEBUG com.xlian.system.dao.DeptDao.findByCondition - <==      Total: 0
2019-12-03 23:47:12.351 [http-nio-8080-exec-5] INFO  com.xlian.system.aop.LogAop - 耗时 : 5
2019-12-03 23:47:12.351 [http-nio-8080-exec-5] INFO  com.xlian.system.aop.LogAop - 返回值 : {"data":[{"createTime":1574697846000,"deptName":"信息","id":2,"pageNum":1,"pageSize":10,"parentId":0,"status":1,"updateTime":1574697846000}],"msg":"成功","pageNum":1,"pageSize":10,"status":200,"total":1}
2019-12-03 23:47:45.755 [http-nio-8080-exec-6] INFO  com.xlian.system.aop.LogAop - 请求地址 : http://127.0.0.1:8080/system/menu/list
2019-12-03 23:47:45.755 [http-nio-8080-exec-6] INFO  com.xlian.system.aop.LogAop - HTTP METHOD : GET
2019-12-03 23:47:45.755 [http-nio-8080-exec-7] INFO  com.xlian.system.aop.LogAop - 请求地址 : http://127.0.0.1:8080/system/user/info
2019-12-03 23:47:45.755 [http-nio-8080-exec-6] INFO  com.xlian.system.aop.LogAop - CLASS_METHOD : com.xlian.system.controller.MenuController.getMenuPageList
2019-12-03 23:47:45.755 [http-nio-8080-exec-7] INFO  com.xlian.system.aop.LogAop - HTTP METHOD : GET
2019-12-03 23:47:45.755 [http-nio-8080-exec-6] INFO  com.xlian.system.aop.LogAop - 参数 : [MenuDto(pageNum=1, pageSize=10, id=null, parentId=0, name=null, url=null, type=null, icon=null, orderNum=null, status=null, createTime=null, updateTime=null, children=null)]
2019-12-03 23:47:45.755 [http-nio-8080-exec-7] INFO  com.xlian.system.aop.LogAop - CLASS_METHOD : com.xlian.system.controller.UserController.getUserInfo
2019-12-03 23:47:45.755 [http-nio-8080-exec-7] INFO  com.xlian.system.aop.LogAop - 参数 : []
2019-12-03 23:47:45.757 [http-nio-8080-exec-6] DEBUG com.xlian.system.dao.MenuDao.findByCondition_COUNT - ==>  Preparing: SELECT count(0) FROM sys_menu WHERE parent_id = ? 
2019-12-03 23:47:45.758 [http-nio-8080-exec-6] DEBUG com.xlian.system.dao.MenuDao.findByCondition_COUNT - ==> Parameters: 0(Integer)
2019-12-03 23:47:45.759 [http-nio-8080-exec-6] DEBUG com.xlian.system.dao.MenuDao.findByCondition_COUNT - <==      Total: 1
2019-12-03 23:47:45.759 [http-nio-8080-exec-7] INFO  com.xlian.system.aop.LogAop - 耗时 : 4
2019-12-03 23:47:45.759 [http-nio-8080-exec-7] INFO  com.xlian.system.aop.LogAop - 返回值 : {"data":{"birth":1574265083000,"createTime":1574265083000,"email":"895146920@qq.com","id":1,"image":"https://wpimg.wallstcn.com/f778738c-e4f8-4870-b634-56703b4acafe.gif","mobile":"18171376336","name":"超级管理员","password":"1b181759fc521e7798fa1e87fa960d8f","sex":1,"status":1,"updateTime":1574265083000,"username":"superadmin"},"msg":"成功","status":200}
2019-12-03 23:47:45.760 [http-nio-8080-exec-6] DEBUG com.xlian.system.dao.MenuDao.findByCondition - ==>  Preparing: select * from sys_menu WHERE parent_id = ? LIMIT ? 
2019-12-03 23:47:45.760 [http-nio-8080-exec-6] DEBUG com.xlian.system.dao.MenuDao.findByCondition - ==> Parameters: 0(Integer), 10(Integer)
2019-12-03 23:47:45.762 [http-nio-8080-exec-6] DEBUG com.xlian.system.dao.MenuDao.findByCondition - <==      Total: 1
2019-12-03 23:47:45.763 [http-nio-8080-exec-6] DEBUG com.xlian.system.dao.MenuDao.findByCondition - ==>  Preparing: select * from sys_menu WHERE parent_id = ? 
2019-12-03 23:47:45.763 [http-nio-8080-exec-6] DEBUG com.xlian.system.dao.MenuDao.findByCondition - ==> Parameters: 1(Integer)
2019-12-03 23:47:45.765 [http-nio-8080-exec-6] DEBUG com.xlian.system.dao.MenuDao.findByCondition - <==      Total: 4
2019-12-03 23:47:45.765 [http-nio-8080-exec-6] DEBUG com.xlian.system.dao.MenuDao.findByCondition - ==>  Preparing: select * from sys_menu WHERE parent_id = ? 
2019-12-03 23:47:45.765 [http-nio-8080-exec-6] DEBUG com.xlian.system.dao.MenuDao.findByCondition - ==> Parameters: 10(Integer)
2019-12-03 23:47:45.766 [http-nio-8080-exec-6] DEBUG com.xlian.system.dao.MenuDao.findByCondition - <==      Total: 0
2019-12-03 23:47:45.766 [http-nio-8080-exec-6] DEBUG com.xlian.system.dao.MenuDao.findByCondition - ==>  Preparing: select * from sys_menu WHERE parent_id = ? 
2019-12-03 23:47:45.766 [http-nio-8080-exec-6] DEBUG com.xlian.system.dao.MenuDao.findByCondition - ==> Parameters: 8(Integer)
2019-12-03 23:47:45.767 [http-nio-8080-exec-6] DEBUG com.xlian.system.dao.MenuDao.findByCondition - <==      Total: 0
2019-12-03 23:47:45.767 [http-nio-8080-exec-6] DEBUG com.xlian.system.dao.MenuDao.findByCondition - ==>  Preparing: select * from sys_menu WHERE parent_id = ? 
2019-12-03 23:47:45.767 [http-nio-8080-exec-6] DEBUG com.xlian.system.dao.MenuDao.findByCondition - ==> Parameters: 7(Integer)
2019-12-03 23:47:45.767 [http-nio-8080-exec-6] DEBUG com.xlian.system.dao.MenuDao.findByCondition - <==      Total: 0
2019-12-03 23:47:45.768 [http-nio-8080-exec-6] DEBUG com.xlian.system.dao.MenuDao.findByCondition - ==>  Preparing: select * from sys_menu WHERE parent_id = ? 
2019-12-03 23:47:45.768 [http-nio-8080-exec-6] DEBUG com.xlian.system.dao.MenuDao.findByCondition - ==> Parameters: 6(Integer)
2019-12-03 23:47:45.768 [http-nio-8080-exec-6] DEBUG com.xlian.system.dao.MenuDao.findByCondition - <==      Total: 0
2019-12-03 23:47:45.768 [http-nio-8080-exec-6] INFO  com.xlian.system.aop.LogAop - 耗时 : 13
2019-12-03 23:47:45.769 [http-nio-8080-exec-6] INFO  com.xlian.system.aop.LogAop - 返回值 : {"data":[{"children":[{"createTime":1574561450000,"icon":"","id":6,"name":"菜单管理","orderNum":0,"pageNum":1,"pageSize":10,"parentId":1,"status":1,"type":1,"updateTime":1575169033000,"url":"/menu"},{"createTime":1574567432000,"icon":"","id":7,"name":"用户管理","orderNum":0,"pageNum":1,"pageSize":10,"parentId":1,"status":1,"type":1,"updateTime":1575169039000,"url":"/user"},{"createTime":1574567637000,"icon":"","id":8,"name":"部门管理","orderNum":0,"pageNum":1,"pageSize":10,"parentId":1,"status":1,"type":1,"updateTime":1575169043000,"url":"/dept"},{"createTime":1574567919000,"icon":"","id":10,"name":"角色管理","orderNum":0,"pageNum":1,"pageSize":10,"parentId":1,"status":1,"type":1,"updateTime":1575169046000,"url":"/role"}],"createTime":1574554658000,"icon":"el-icon-setting","id":1,"name":"系统管理","orderNum":0,"pageNum":1,"pageSize":10,"parentId":0,"status":1,"type":1,"updateTime":1575314067000,"url":"/system"}],"msg":"成功","pageNum":1,"pageSize":10,"status":200,"total":1}
2019-12-03 23:47:45.857 [http-nio-8080-exec-8] INFO  com.xlian.system.aop.LogAop - 请求地址 : http://127.0.0.1:8080/system/dept/list
2019-12-03 23:47:45.857 [http-nio-8080-exec-8] INFO  com.xlian.system.aop.LogAop - HTTP METHOD : GET
2019-12-03 23:47:45.857 [http-nio-8080-exec-8] INFO  com.xlian.system.aop.LogAop - CLASS_METHOD : com.xlian.system.controller.DeptController.getDeptPageList
2019-12-03 23:47:45.857 [http-nio-8080-exec-8] INFO  com.xlian.system.aop.LogAop - 参数 : [DeptDto(pageNum=1, pageSize=10, id=null, parentId=0, deptName=, status=null, orderNum=null, createTime=null, updateTime=null, children=null)]
2019-12-03 23:47:45.858 [http-nio-8080-exec-8] DEBUG com.xlian.system.dao.DeptDao.findByCondition_COUNT - ==>  Preparing: SELECT count(0) FROM sys_dept WHERE parent_id = ? 
2019-12-03 23:47:45.859 [http-nio-8080-exec-8] DEBUG com.xlian.system.dao.DeptDao.findByCondition_COUNT - ==> Parameters: 0(Integer)
2019-12-03 23:47:45.860 [http-nio-8080-exec-8] DEBUG com.xlian.system.dao.DeptDao.findByCondition_COUNT - <==      Total: 1
2019-12-03 23:47:45.861 [http-nio-8080-exec-8] DEBUG com.xlian.system.dao.DeptDao.findByCondition - ==>  Preparing: select * from sys_dept WHERE parent_id = ? LIMIT ? 
2019-12-03 23:47:45.862 [http-nio-8080-exec-8] DEBUG com.xlian.system.dao.DeptDao.findByCondition - ==> Parameters: 0(Integer), 10(Integer)
2019-12-03 23:47:45.863 [http-nio-8080-exec-8] DEBUG com.xlian.system.dao.DeptDao.findByCondition - <==      Total: 1
2019-12-03 23:47:45.864 [http-nio-8080-exec-8] DEBUG com.xlian.system.dao.DeptDao.findByCondition - ==>  Preparing: select * from sys_dept WHERE parent_id = ? 
2019-12-03 23:47:45.864 [http-nio-8080-exec-8] DEBUG com.xlian.system.dao.DeptDao.findByCondition - ==> Parameters: 2(Integer)
2019-12-03 23:47:45.864 [http-nio-8080-exec-8] DEBUG com.xlian.system.dao.DeptDao.findByCondition - <==      Total: 0
2019-12-03 23:47:45.865 [http-nio-8080-exec-8] INFO  com.xlian.system.aop.LogAop - 耗时 : 8
2019-12-03 23:47:45.865 [http-nio-8080-exec-8] INFO  com.xlian.system.aop.LogAop - 返回值 : {"data":[{"createTime":1574697846000,"deptName":"信息","id":2,"pageNum":1,"pageSize":10,"parentId":0,"status":1,"updateTime":1574697846000}],"msg":"成功","pageNum":1,"pageSize":10,"status":200,"total":1}
2019-12-03 23:55:24.333 [http-nio-8080-exec-10] INFO  com.xlian.system.aop.LogAop - 请求地址 : http://127.0.0.1:8080/login
2019-12-03 23:55:24.333 [http-nio-8080-exec-10] INFO  com.xlian.system.aop.LogAop - HTTP METHOD : POST
2019-12-03 23:55:24.333 [http-nio-8080-exec-10] INFO  com.xlian.system.aop.LogAop - CLASS_METHOD : com.xlian.system.controller.LoginController.login
2019-12-03 23:55:24.333 [http-nio-8080-exec-10] INFO  com.xlian.system.aop.LogAop - 参数 : [User(Id=null, username=superadmin, name=null, password=sdhs635=-ej73,.ksdf93, email=null, mobile=null, sex=null, birth=null, image=null, status=null, createTime=null, updateTime=null), org.apache.catalina.connector.RequestFacade@1f25e07c]
2019-12-03 23:55:24.334 [http-nio-8080-exec-10] DEBUG com.xlian.system.dao.UserDao.findByCondition - ==>  Preparing: select * from sys_user WHERE username LIKE CONCAT('%', ?, '%') 
2019-12-03 23:55:24.335 [http-nio-8080-exec-10] DEBUG com.xlian.system.dao.UserDao.findByCondition - ==> Parameters: superadmin(String)
2019-12-03 23:55:24.336 [http-nio-8080-exec-10] DEBUG com.xlian.system.dao.UserDao.findByCondition - <==      Total: 1
2019-12-03 23:55:24.336 [http-nio-8080-exec-10] INFO  com.xlian.system.aop.LogAop - 耗时 : 3
2019-12-03 23:55:24.336 [http-nio-8080-exec-10] INFO  com.xlian.system.aop.LogAop - 返回值 : {"data":{"birth":1574265083000,"createTime":1574265083000,"email":"895146920@qq.com","id":1,"image":"https://wpimg.wallstcn.com/f778738c-e4f8-4870-b634-56703b4acafe.gif","mobile":"18171376336","name":"超级管理员","password":"1b181759fc521e7798fa1e87fa960d8f","sex":1,"status":1,"updateTime":1574265083000,"username":"superadmin"},"msg":"成功","status":200}
2019-12-03 23:55:24.586 [http-nio-8080-exec-9] INFO  com.xlian.system.aop.LogAop - 请求地址 : http://127.0.0.1:8080/system/menu/list
2019-12-03 23:55:24.586 [http-nio-8080-exec-9] INFO  com.xlian.system.aop.LogAop - HTTP METHOD : GET
2019-12-03 23:55:24.586 [http-nio-8080-exec-9] INFO  com.xlian.system.aop.LogAop - CLASS_METHOD : com.xlian.system.controller.MenuController.getMenuPageList
2019-12-03 23:55:24.586 [http-nio-8080-exec-9] INFO  com.xlian.system.aop.LogAop - 参数 : [MenuDto(pageNum=1, pageSize=10, id=null, parentId=0, name=null, url=null, type=null, icon=null, orderNum=null, status=null, createTime=null, updateTime=null, children=null)]
2019-12-03 23:55:24.588 [http-nio-8080-exec-9] DEBUG com.xlian.system.dao.MenuDao.findByCondition_COUNT - ==>  Preparing: SELECT count(0) FROM sys_menu WHERE parent_id = ? 
2019-12-03 23:55:24.588 [http-nio-8080-exec-9] DEBUG com.xlian.system.dao.MenuDao.findByCondition_COUNT - ==> Parameters: 0(Integer)
2019-12-03 23:55:24.588 [http-nio-8080-exec-9] DEBUG com.xlian.system.dao.MenuDao.findByCondition_COUNT - <==      Total: 1
2019-12-03 23:55:24.589 [http-nio-8080-exec-9] DEBUG com.xlian.system.dao.MenuDao.findByCondition - ==>  Preparing: select * from sys_menu WHERE parent_id = ? LIMIT ? 
2019-12-03 23:55:24.589 [http-nio-8080-exec-9] DEBUG com.xlian.system.dao.MenuDao.findByCondition - ==> Parameters: 0(Integer), 10(Integer)
2019-12-03 23:55:24.591 [http-nio-8080-exec-9] DEBUG com.xlian.system.dao.MenuDao.findByCondition - <==      Total: 1
2019-12-03 23:55:24.592 [http-nio-8080-exec-9] DEBUG com.xlian.system.dao.MenuDao.findByCondition - ==>  Preparing: select * from sys_menu WHERE parent_id = ? 
2019-12-03 23:55:24.592 [http-nio-8080-exec-9] DEBUG com.xlian.system.dao.MenuDao.findByCondition - ==> Parameters: 1(Integer)
2019-12-03 23:55:24.593 [http-nio-8080-exec-9] DEBUG com.xlian.system.dao.MenuDao.findByCondition - <==      Total: 4
2019-12-03 23:55:24.594 [http-nio-8080-exec-9] DEBUG com.xlian.system.dao.MenuDao.findByCondition - ==>  Preparing: select * from sys_menu WHERE parent_id = ? 
2019-12-03 23:55:24.594 [http-nio-8080-exec-9] DEBUG com.xlian.system.dao.MenuDao.findByCondition - ==> Parameters: 10(Integer)
2019-12-03 23:55:24.595 [http-nio-8080-exec-9] DEBUG com.xlian.system.dao.MenuDao.findByCondition - <==      Total: 0
2019-12-03 23:55:24.595 [http-nio-8080-exec-9] DEBUG com.xlian.system.dao.MenuDao.findByCondition - ==>  Preparing: select * from sys_menu WHERE parent_id = ? 
2019-12-03 23:55:24.596 [http-nio-8080-exec-9] DEBUG com.xlian.system.dao.MenuDao.findByCondition - ==> Parameters: 8(Integer)
2019-12-03 23:55:24.596 [http-nio-8080-exec-9] DEBUG com.xlian.system.dao.MenuDao.findByCondition - <==      Total: 0
2019-12-03 23:55:24.598 [http-nio-8080-exec-9] DEBUG com.xlian.system.dao.MenuDao.findByCondition - ==>  Preparing: select * from sys_menu WHERE parent_id = ? 
2019-12-03 23:55:24.599 [http-nio-8080-exec-9] DEBUG com.xlian.system.dao.MenuDao.findByCondition - ==> Parameters: 7(Integer)
2019-12-03 23:55:24.601 [http-nio-8080-exec-9] DEBUG com.xlian.system.dao.MenuDao.findByCondition - <==      Total: 0
2019-12-03 23:55:24.602 [http-nio-8080-exec-9] DEBUG com.xlian.system.dao.MenuDao.findByCondition - ==>  Preparing: select * from sys_menu WHERE parent_id = ? 
2019-12-03 23:55:24.603 [http-nio-8080-exec-9] DEBUG com.xlian.system.dao.MenuDao.findByCondition - ==> Parameters: 6(Integer)
2019-12-03 23:55:24.604 [http-nio-8080-exec-9] DEBUG com.xlian.system.dao.MenuDao.findByCondition - <==      Total: 0
2019-12-03 23:55:24.605 [http-nio-8080-exec-9] INFO  com.xlian.system.aop.LogAop - 耗时 : 19
2019-12-03 23:55:24.605 [http-nio-8080-exec-9] INFO  com.xlian.system.aop.LogAop - 返回值 : {"data":[{"children":[{"createTime":1574561450000,"icon":"","id":6,"name":"菜单管理","orderNum":0,"pageNum":1,"pageSize":10,"parentId":1,"status":1,"type":1,"updateTime":1575169033000,"url":"/menu"},{"createTime":1574567432000,"icon":"","id":7,"name":"用户管理","orderNum":0,"pageNum":1,"pageSize":10,"parentId":1,"status":1,"type":1,"updateTime":1575169039000,"url":"/user"},{"createTime":1574567637000,"icon":"","id":8,"name":"部门管理","orderNum":0,"pageNum":1,"pageSize":10,"parentId":1,"status":1,"type":1,"updateTime":1575169043000,"url":"/dept"},{"createTime":1574567919000,"icon":"","id":10,"name":"角色管理","orderNum":0,"pageNum":1,"pageSize":10,"parentId":1,"status":1,"type":1,"updateTime":1575169046000,"url":"/role"}],"createTime":1574554658000,"icon":"el-icon-setting","id":1,"name":"系统管理","orderNum":0,"pageNum":1,"pageSize":10,"parentId":0,"status":1,"type":1,"updateTime":1575314067000,"url":"/system"}],"msg":"成功","pageNum":1,"pageSize":10,"status":200,"total":1}
2019-12-03 23:57:02.825 [http-nio-8080-exec-2] INFO  com.xlian.system.aop.LogAop - 请求地址 : http://127.0.0.1:8080/system/dept/list
2019-12-03 23:57:02.825 [http-nio-8080-exec-2] INFO  com.xlian.system.aop.LogAop - HTTP METHOD : GET
2019-12-03 23:57:02.825 [http-nio-8080-exec-2] INFO  com.xlian.system.aop.LogAop - CLASS_METHOD : com.xlian.system.controller.DeptController.getDeptPageList
2019-12-03 23:57:02.825 [http-nio-8080-exec-2] INFO  com.xlian.system.aop.LogAop - 参数 : [DeptDto(pageNum=1, pageSize=10, id=null, parentId=0, deptName=, status=null, orderNum=null, createTime=null, updateTime=null, children=null)]
2019-12-03 23:57:02.826 [http-nio-8080-exec-2] DEBUG com.xlian.system.dao.DeptDao.findByCondition_COUNT - ==>  Preparing: SELECT count(0) FROM sys_dept WHERE parent_id = ? 
2019-12-03 23:57:02.827 [http-nio-8080-exec-2] DEBUG com.xlian.system.dao.DeptDao.findByCondition_COUNT - ==> Parameters: 0(Integer)
2019-12-03 23:57:02.827 [http-nio-8080-exec-2] DEBUG com.xlian.system.dao.DeptDao.findByCondition_COUNT - <==      Total: 1
2019-12-03 23:57:02.828 [http-nio-8080-exec-2] DEBUG com.xlian.system.dao.DeptDao.findByCondition - ==>  Preparing: select * from sys_dept WHERE parent_id = ? LIMIT ? 
2019-12-03 23:57:02.828 [http-nio-8080-exec-2] DEBUG com.xlian.system.dao.DeptDao.findByCondition - ==> Parameters: 0(Integer), 10(Integer)
2019-12-03 23:57:02.828 [http-nio-8080-exec-2] DEBUG com.xlian.system.dao.DeptDao.findByCondition - <==      Total: 1
2019-12-03 23:57:02.829 [http-nio-8080-exec-2] DEBUG com.xlian.system.dao.DeptDao.findByCondition - ==>  Preparing: select * from sys_dept WHERE parent_id = ? 
2019-12-03 23:57:02.829 [http-nio-8080-exec-2] DEBUG com.xlian.system.dao.DeptDao.findByCondition - ==> Parameters: 2(Integer)
2019-12-03 23:57:02.829 [http-nio-8080-exec-2] DEBUG com.xlian.system.dao.DeptDao.findByCondition - <==      Total: 0
2019-12-03 23:57:02.829 [http-nio-8080-exec-2] INFO  com.xlian.system.aop.LogAop - 耗时 : 4
2019-12-03 23:57:02.829 [http-nio-8080-exec-2] INFO  com.xlian.system.aop.LogAop - 返回值 : {"data":[{"createTime":1574697846000,"deptName":"信息","id":2,"pageNum":1,"pageSize":10,"parentId":0,"status":1,"updateTime":1574697846000}],"msg":"成功","pageNum":1,"pageSize":10,"status":200,"total":1}
2019-12-04 00:05:18.490 [SpringContextShutdownHook] INFO  o.s.scheduling.concurrent.ThreadPoolTaskExecutor - Shutting down ExecutorService 'applicationTaskExecutor'
2019-12-04 00:05:18.493 [SpringContextShutdownHook] INFO  com.alibaba.druid.pool.DruidDataSource - {dataSource-1} closed
