2019-11-22 03:22:39.113 [restartedMain] INFO  com.xlian.XlianAdminWebApplication - Starting XlianAdminWebApplication on DESKTOP-A66MP9K with PID 9876 (E:\IdeaProject\xlian-admin-web\target\classes started by TONGXIN in E:\IdeaProject\xlian-admin-web)
2019-11-22 03:22:39.117 [restartedMain] INFO  com.xlian.XlianAdminWebApplication - No active profile set, falling back to default profiles: default
2019-11-22 03:22:39.194 [restartedMain] INFO  o.s.b.d.env.DevToolsPropertyDefaultsPostProcessor - Devtools property defaults active! Set 'spring.devtools.add-properties' to 'false' to disable
2019-11-22 03:22:39.195 [restartedMain] INFO  o.s.b.d.env.DevToolsPropertyDefaultsPostProcessor - For additional web related logging consider setting the 'logging.level.web' property to 'DEBUG'
2019-11-22 03:22:40.374 [restartedMain] INFO  o.s.boot.web.embedded.tomcat.TomcatWebServer - Tomcat initialized with port(s): 8080 (http)
2019-11-22 03:22:40.380 [restartedMain] INFO  org.apache.coyote.http11.Http11NioProtocol - Initializing ProtocolHandler ["http-nio-8080"]
2019-11-22 03:22:40.381 [restartedMain] INFO  org.apache.catalina.core.StandardService - Starting service [Tomcat]
2019-11-22 03:22:40.381 [restartedMain] INFO  org.apache.catalina.core.StandardEngine - Starting Servlet engine: [Apache Tomcat/9.0.27]
2019-11-22 03:22:40.446 [restartedMain] INFO  o.a.c.core.ContainerBase.[Tomcat].[localhost].[/] - Initializing Spring embedded WebApplicationContext
2019-11-22 03:22:40.446 [restartedMain] INFO  org.springframework.web.context.ContextLoader - Root WebApplicationContext: initialization completed in 1251 ms
2019-11-22 03:22:40.599 [restartedMain] INFO  c.a.d.s.b.a.DruidDataSourceAutoConfigure - Init DruidDataSource
2019-11-22 03:22:40.779 [restartedMain] INFO  com.alibaba.druid.pool.DruidDataSource - {dataSource-1} inited
2019-11-22 03:22:41.202 [restartedMain] INFO  o.s.scheduling.concurrent.ThreadPoolTaskExecutor - Initializing ExecutorService 'applicationTaskExecutor'
2019-11-22 03:22:41.478 [restartedMain] INFO  o.s.b.d.autoconfigure.OptionalLiveReloadServer - LiveReload server is running on port 35729
2019-11-22 03:22:41.500 [restartedMain] INFO  org.apache.coyote.http11.Http11NioProtocol - Starting ProtocolHandler ["http-nio-8080"]
2019-11-22 03:22:41.515 [restartedMain] INFO  o.s.boot.web.embedded.tomcat.TomcatWebServer - Tomcat started on port(s): 8080 (http) with context path ''
2019-11-22 03:22:41.518 [restartedMain] INFO  com.xlian.XlianAdminWebApplication - Started XlianAdminWebApplication in 2.809 seconds (JVM running for 4.253)
2019-11-22 03:22:57.603 [http-nio-8080-exec-1] INFO  o.a.c.core.ContainerBase.[Tomcat].[localhost].[/] - Initializing Spring DispatcherServlet 'dispatcherServlet'
2019-11-22 03:22:57.603 [http-nio-8080-exec-1] INFO  org.springframework.web.servlet.DispatcherServlet - Initializing Servlet 'dispatcherServlet'
2019-11-22 03:22:57.610 [http-nio-8080-exec-1] INFO  org.springframework.web.servlet.DispatcherServlet - Completed initialization in 7 ms
2019-11-22 03:24:58.327 [http-nio-8080-exec-9] INFO  com.xlian.system.aop.LogAop - 请求地址 : http://127.0.0.1:8080/login
2019-11-22 03:24:58.327 [http-nio-8080-exec-9] INFO  com.xlian.system.aop.LogAop - HTTP METHOD : POST
2019-11-22 03:24:58.329 [http-nio-8080-exec-9] INFO  com.xlian.system.aop.LogAop - CLASS_METHOD : com.xlian.system.controller.LoginController.login
2019-11-22 03:24:58.329 [http-nio-8080-exec-9] INFO  com.xlian.system.aop.LogAop - 参数 : [User(Id=null, username=superadmin, name=null, password=sdhs635=-ej73,.ksdf93, email=null, mobile=null, sex=null, birth=null, image=null, status=null, createTime=null, updateTime=null), org.apache.catalina.connector.RequestFacade@1767749c]
2019-11-22 03:24:58.609 [http-nio-8080-exec-9] INFO  com.xlian.system.aop.LogAop - 耗时 : 282
2019-11-22 03:24:58.689 [http-nio-8080-exec-9] INFO  com.xlian.system.aop.LogAop - 返回值 : {"data":{"birth":1574265083000,"createTime":1574265083000,"email":"895146920@qq.com","id":1,"image":"https://wpimg.wallstcn.com/f778738c-e4f8-4870-b634-56703b4acafe.gif","mobile":"18171376336","name":"超级管理员","password":"1b181759fc521e7798fa1e87fa960d8f","sex":1,"status":1,"updateTime":1574265083000,"username":"superadmin"},"msg":"成功","status":200}
2019-11-22 03:25:03.572 [http-nio-8080-exec-8] INFO  com.xlian.system.aop.LogAop - 请求地址 : http://localhost:8080/sys/user/list
2019-11-22 03:25:03.572 [http-nio-8080-exec-8] INFO  com.xlian.system.aop.LogAop - HTTP METHOD : GET
2019-11-22 03:25:03.572 [http-nio-8080-exec-8] INFO  com.xlian.system.aop.LogAop - CLASS_METHOD : com.xlian.system.controller.UserController.getUserPageList
2019-11-22 03:25:03.572 [http-nio-8080-exec-8] INFO  com.xlian.system.aop.LogAop - 参数 : [UserDto(pageNum=1, pageSize=10)]
2019-11-22 03:25:03.633 [http-nio-8080-exec-8] INFO  com.xlian.system.aop.LogAop - 耗时 : 61
2019-11-22 03:25:03.634 [http-nio-8080-exec-8] INFO  com.xlian.system.aop.LogAop - 返回值 : {"data":[{"birth":1574265083000,"createTime":1574265083000,"email":"895146920@qq.com","id":1,"image":"https://wpimg.wallstcn.com/f778738c-e4f8-4870-b634-56703b4acafe.gif","mobile":"18171376336","name":"超级管理员","password":"1b181759fc521e7798fa1e87fa960d8f","sex":1,"status":1,"updateTime":1574265083000,"username":"superadmin"}],"msg":"成功","pageNum":1,"pageSize":10,"status":200,"total":1}
2019-11-22 03:28:45.296 [SpringContextShutdownHook] INFO  o.s.scheduling.concurrent.ThreadPoolTaskExecutor - Shutting down ExecutorService 'applicationTaskExecutor'
2019-11-22 03:28:45.299 [SpringContextShutdownHook] INFO  com.alibaba.druid.pool.DruidDataSource - {dataSource-1} closed
2019-11-22 03:28:49.354 [restartedMain] INFO  com.xlian.XlianAdminWebApplication - Starting XlianAdminWebApplication on DESKTOP-A66MP9K with PID 3904 (E:\IdeaProject\xlian-admin-web\target\classes started by TONGXIN in E:\IdeaProject\xlian-admin-web)
2019-11-22 03:28:49.356 [restartedMain] INFO  com.xlian.XlianAdminWebApplication - No active profile set, falling back to default profiles: default
2019-11-22 03:28:49.414 [restartedMain] INFO  o.s.b.d.env.DevToolsPropertyDefaultsPostProcessor - Devtools property defaults active! Set 'spring.devtools.add-properties' to 'false' to disable
2019-11-22 03:28:49.415 [restartedMain] INFO  o.s.b.d.env.DevToolsPropertyDefaultsPostProcessor - For additional web related logging consider setting the 'logging.level.web' property to 'DEBUG'
2019-11-22 03:28:50.301 [restartedMain] INFO  o.s.boot.web.embedded.tomcat.TomcatWebServer - Tomcat initialized with port(s): 8080 (http)
2019-11-22 03:28:50.307 [restartedMain] INFO  org.apache.coyote.http11.Http11NioProtocol - Initializing ProtocolHandler ["http-nio-8080"]
2019-11-22 03:28:50.307 [restartedMain] INFO  org.apache.catalina.core.StandardService - Starting service [Tomcat]
2019-11-22 03:28:50.307 [restartedMain] INFO  org.apache.catalina.core.StandardEngine - Starting Servlet engine: [Apache Tomcat/9.0.27]
2019-11-22 03:28:50.368 [restartedMain] INFO  o.a.c.core.ContainerBase.[Tomcat].[localhost].[/] - Initializing Spring embedded WebApplicationContext
2019-11-22 03:28:50.368 [restartedMain] INFO  org.springframework.web.context.ContextLoader - Root WebApplicationContext: initialization completed in 953 ms
2019-11-22 03:28:50.511 [restartedMain] INFO  c.a.d.s.b.a.DruidDataSourceAutoConfigure - Init DruidDataSource
2019-11-22 03:28:50.658 [restartedMain] INFO  com.alibaba.druid.pool.DruidDataSource - {dataSource-1} inited
2019-11-22 03:28:51.047 [restartedMain] INFO  o.s.scheduling.concurrent.ThreadPoolTaskExecutor - Initializing ExecutorService 'applicationTaskExecutor'
2019-11-22 03:28:51.291 [restartedMain] INFO  o.s.b.d.autoconfigure.OptionalLiveReloadServer - LiveReload server is running on port 35729
2019-11-22 03:28:51.316 [restartedMain] INFO  org.apache.coyote.http11.Http11NioProtocol - Starting ProtocolHandler ["http-nio-8080"]
2019-11-22 03:28:51.331 [restartedMain] INFO  o.s.boot.web.embedded.tomcat.TomcatWebServer - Tomcat started on port(s): 8080 (http) with context path ''
2019-11-22 03:28:51.333 [restartedMain] INFO  com.xlian.XlianAdminWebApplication - Started XlianAdminWebApplication in 2.261 seconds (JVM running for 2.926)
2019-11-22 03:28:59.752 [http-nio-8080-exec-4] INFO  o.a.c.core.ContainerBase.[Tomcat].[localhost].[/] - Initializing Spring DispatcherServlet 'dispatcherServlet'
2019-11-22 03:28:59.752 [http-nio-8080-exec-4] INFO  org.springframework.web.servlet.DispatcherServlet - Initializing Servlet 'dispatcherServlet'
2019-11-22 03:28:59.760 [http-nio-8080-exec-4] INFO  org.springframework.web.servlet.DispatcherServlet - Completed initialization in 8 ms
2019-11-22 03:28:59.784 [http-nio-8080-exec-4] INFO  com.xlian.system.aop.LogAop - 请求地址 : http://127.0.0.1:8080/logout
2019-11-22 03:28:59.785 [http-nio-8080-exec-4] INFO  com.xlian.system.aop.LogAop - HTTP METHOD : GET
2019-11-22 03:28:59.786 [http-nio-8080-exec-4] INFO  com.xlian.system.aop.LogAop - CLASS_METHOD : com.xlian.system.controller.LoginController.logout
2019-11-22 03:28:59.786 [http-nio-8080-exec-4] INFO  com.xlian.system.aop.LogAop - 参数 : [org.apache.catalina.connector.RequestFacade@3e325b62]
2019-11-22 03:29:04.010 [http-nio-8080-exec-4] INFO  com.xlian.system.aop.LogAop - 耗时 : 4226
2019-11-22 03:29:04.064 [http-nio-8080-exec-4] INFO  com.xlian.system.aop.LogAop - 返回值 : {"msg":"成功","status":200}
2019-11-22 03:29:11.198 [http-nio-8080-exec-3] INFO  com.xlian.system.aop.LogAop - 请求地址 : http://127.0.0.1:8080/login
2019-11-22 03:29:11.198 [http-nio-8080-exec-3] INFO  com.xlian.system.aop.LogAop - HTTP METHOD : POST
2019-11-22 03:29:11.198 [http-nio-8080-exec-3] INFO  com.xlian.system.aop.LogAop - CLASS_METHOD : com.xlian.system.controller.LoginController.login
2019-11-22 03:29:11.199 [http-nio-8080-exec-3] INFO  com.xlian.system.aop.LogAop - 参数 : [User(Id=null, username=superadmin, name=null, password=sdhs635=-ej73,.ksdf93, email=null, mobile=null, sex=null, birth=null, image=null, status=null, createTime=null, updateTime=null), org.apache.catalina.connector.RequestFacade@3e325b62]
2019-11-22 03:29:11.408 [http-nio-8080-exec-3] INFO  com.xlian.system.aop.LogAop - 耗时 : 210
2019-11-22 03:29:11.411 [http-nio-8080-exec-3] INFO  com.xlian.system.aop.LogAop - 返回值 : {"data":{"birth":1574265083000,"createTime":1574265083000,"email":"895146920@qq.com","id":1,"image":"https://wpimg.wallstcn.com/f778738c-e4f8-4870-b634-56703b4acafe.gif","mobile":"18171376336","name":"超级管理员","password":"1b181759fc521e7798fa1e87fa960d8f","sex":1,"status":1,"updateTime":1574265083000,"username":"superadmin"},"msg":"成功","status":200}
2019-11-22 03:29:25.123 [SpringContextShutdownHook] INFO  o.s.scheduling.concurrent.ThreadPoolTaskExecutor - Shutting down ExecutorService 'applicationTaskExecutor'
2019-11-22 03:29:25.128 [SpringContextShutdownHook] INFO  com.alibaba.druid.pool.DruidDataSource - {dataSource-1} closed
2019-11-22 03:30:10.347 [restartedMain] INFO  com.xlian.XlianAdminWebApplication - Starting XlianAdminWebApplication on DESKTOP-A66MP9K with PID 14688 (E:\IdeaProject\xlian-admin-web\target\classes started by TONGXIN in E:\IdeaProject\xlian-admin-web)
2019-11-22 03:30:10.349 [restartedMain] INFO  com.xlian.XlianAdminWebApplication - No active profile set, falling back to default profiles: default
2019-11-22 03:30:10.384 [restartedMain] INFO  o.s.b.d.env.DevToolsPropertyDefaultsPostProcessor - Devtools property defaults active! Set 'spring.devtools.add-properties' to 'false' to disable
2019-11-22 03:30:10.384 [restartedMain] INFO  o.s.b.d.env.DevToolsPropertyDefaultsPostProcessor - For additional web related logging consider setting the 'logging.level.web' property to 'DEBUG'
2019-11-22 03:30:11.304 [restartedMain] INFO  o.s.boot.web.embedded.tomcat.TomcatWebServer - Tomcat initialized with port(s): 8080 (http)
2019-11-22 03:30:11.311 [restartedMain] INFO  org.apache.coyote.http11.Http11NioProtocol - Initializing ProtocolHandler ["http-nio-8080"]
2019-11-22 03:30:11.311 [restartedMain] INFO  org.apache.catalina.core.StandardService - Starting service [Tomcat]
2019-11-22 03:30:11.312 [restartedMain] INFO  org.apache.catalina.core.StandardEngine - Starting Servlet engine: [Apache Tomcat/9.0.27]
2019-11-22 03:30:11.377 [restartedMain] INFO  o.a.c.core.ContainerBase.[Tomcat].[localhost].[/] - Initializing Spring embedded WebApplicationContext
2019-11-22 03:30:11.377 [restartedMain] INFO  org.springframework.web.context.ContextLoader - Root WebApplicationContext: initialization completed in 993 ms
2019-11-22 03:30:11.526 [restartedMain] INFO  c.a.d.s.b.a.DruidDataSourceAutoConfigure - Init DruidDataSource
2019-11-22 03:30:11.680 [restartedMain] INFO  com.alibaba.druid.pool.DruidDataSource - {dataSource-1} inited
2019-11-22 03:30:12.073 [restartedMain] INFO  o.s.scheduling.concurrent.ThreadPoolTaskExecutor - Initializing ExecutorService 'applicationTaskExecutor'
2019-11-22 03:30:12.435 [restartedMain] INFO  o.s.b.d.autoconfigure.OptionalLiveReloadServer - LiveReload server is running on port 35729
2019-11-22 03:30:12.458 [restartedMain] INFO  org.apache.coyote.http11.Http11NioProtocol - Starting ProtocolHandler ["http-nio-8080"]
2019-11-22 03:30:12.474 [restartedMain] INFO  o.s.boot.web.embedded.tomcat.TomcatWebServer - Tomcat started on port(s): 8080 (http) with context path ''
2019-11-22 03:30:12.477 [restartedMain] INFO  com.xlian.XlianAdminWebApplication - Started XlianAdminWebApplication in 2.484 seconds (JVM running for 3.108)
2019-11-22 03:30:17.359 [SpringContextShutdownHook] INFO  o.s.scheduling.concurrent.ThreadPoolTaskExecutor - Shutting down ExecutorService 'applicationTaskExecutor'
2019-11-22 03:30:17.361 [SpringContextShutdownHook] INFO  com.alibaba.druid.pool.DruidDataSource - {dataSource-1} closed
2019-11-22 03:30:20.293 [restartedMain] INFO  com.xlian.XlianAdminWebApplication - Starting XlianAdminWebApplication on DESKTOP-A66MP9K with PID 13328 (E:\IdeaProject\xlian-admin-web\target\classes started by TONGXIN in E:\IdeaProject\xlian-admin-web)
2019-11-22 03:30:20.295 [restartedMain] INFO  com.xlian.XlianAdminWebApplication - No active profile set, falling back to default profiles: default
2019-11-22 03:30:20.356 [restartedMain] INFO  o.s.b.d.env.DevToolsPropertyDefaultsPostProcessor - Devtools property defaults active! Set 'spring.devtools.add-properties' to 'false' to disable
2019-11-22 03:30:20.356 [restartedMain] INFO  o.s.b.d.env.DevToolsPropertyDefaultsPostProcessor - For additional web related logging consider setting the 'logging.level.web' property to 'DEBUG'
2019-11-22 03:30:21.330 [restartedMain] INFO  o.s.boot.web.embedded.tomcat.TomcatWebServer - Tomcat initialized with port(s): 8080 (http)
2019-11-22 03:30:21.335 [restartedMain] INFO  org.apache.coyote.http11.Http11NioProtocol - Initializing ProtocolHandler ["http-nio-8080"]
2019-11-22 03:30:21.336 [restartedMain] INFO  org.apache.catalina.core.StandardService - Starting service [Tomcat]
2019-11-22 03:30:21.336 [restartedMain] INFO  org.apache.catalina.core.StandardEngine - Starting Servlet engine: [Apache Tomcat/9.0.27]
2019-11-22 03:30:21.395 [restartedMain] INFO  o.a.c.core.ContainerBase.[Tomcat].[localhost].[/] - Initializing Spring embedded WebApplicationContext
2019-11-22 03:30:21.395 [restartedMain] INFO  org.springframework.web.context.ContextLoader - Root WebApplicationContext: initialization completed in 1039 ms
2019-11-22 03:30:21.542 [restartedMain] INFO  c.a.d.s.b.a.DruidDataSourceAutoConfigure - Init DruidDataSource
2019-11-22 03:30:21.701 [restartedMain] INFO  com.alibaba.druid.pool.DruidDataSource - {dataSource-1} inited
2019-11-22 03:30:22.096 [restartedMain] INFO  o.s.scheduling.concurrent.ThreadPoolTaskExecutor - Initializing ExecutorService 'applicationTaskExecutor'
2019-11-22 03:30:22.379 [restartedMain] INFO  o.s.b.d.autoconfigure.OptionalLiveReloadServer - LiveReload server is running on port 35729
2019-11-22 03:30:22.401 [restartedMain] INFO  org.apache.coyote.http11.Http11NioProtocol - Starting ProtocolHandler ["http-nio-8080"]
2019-11-22 03:30:22.416 [restartedMain] INFO  o.s.boot.web.embedded.tomcat.TomcatWebServer - Tomcat started on port(s): 8080 (http) with context path ''
2019-11-22 03:30:22.418 [restartedMain] INFO  com.xlian.XlianAdminWebApplication - Started XlianAdminWebApplication in 2.408 seconds (JVM running for 3.018)
2019-11-22 03:30:24.927 [http-nio-8080-exec-1] INFO  o.a.c.core.ContainerBase.[Tomcat].[localhost].[/] - Initializing Spring DispatcherServlet 'dispatcherServlet'
2019-11-22 03:30:24.927 [http-nio-8080-exec-1] INFO  org.springframework.web.servlet.DispatcherServlet - Initializing Servlet 'dispatcherServlet'
2019-11-22 03:30:24.941 [http-nio-8080-exec-1] INFO  org.springframework.web.servlet.DispatcherServlet - Completed initialization in 14 ms
2019-11-22 03:30:24.986 [http-nio-8080-exec-1] INFO  com.xlian.system.aop.LogAop - 请求地址 : http://127.0.0.1:8080/logout
2019-11-22 03:30:24.986 [http-nio-8080-exec-1] INFO  com.xlian.system.aop.LogAop - HTTP METHOD : GET
2019-11-22 03:30:24.989 [http-nio-8080-exec-1] INFO  com.xlian.system.aop.LogAop - CLASS_METHOD : com.xlian.system.controller.LoginController.logout
2019-11-22 03:30:24.989 [http-nio-8080-exec-1] INFO  com.xlian.system.aop.LogAop - 参数 : [org.apache.catalina.connector.RequestFacade@3025be21]
2019-11-22 03:30:24.995 [http-nio-8080-exec-1] INFO  com.xlian.system.aop.LogAop - 耗时 : 10
2019-11-22 03:30:25.089 [http-nio-8080-exec-1] INFO  com.xlian.system.aop.LogAop - 返回值 : {"msg":"成功","status":200}
2019-11-22 03:30:55.869 [http-nio-8080-exec-4] INFO  com.xlian.system.aop.LogAop - 请求地址 : http://127.0.0.1:8080/login
2019-11-22 03:30:55.870 [http-nio-8080-exec-4] INFO  com.xlian.system.aop.LogAop - HTTP METHOD : POST
2019-11-22 03:30:55.870 [http-nio-8080-exec-4] INFO  com.xlian.system.aop.LogAop - CLASS_METHOD : com.xlian.system.controller.LoginController.login
2019-11-22 03:30:55.871 [http-nio-8080-exec-4] INFO  com.xlian.system.aop.LogAop - 参数 : [User(Id=null, username=superadmin, name=null, password=sdhs635=-ej73,.ksdf93, email=null, mobile=null, sex=null, birth=null, image=null, status=null, createTime=null, updateTime=null), org.apache.catalina.connector.RequestFacade@3025be21]
2019-11-22 03:30:56.061 [http-nio-8080-exec-4] INFO  com.xlian.system.aop.LogAop - 耗时 : 192
2019-11-22 03:30:56.064 [http-nio-8080-exec-4] INFO  com.xlian.system.aop.LogAop - 返回值 : {"data":{"birth":1574265083000,"createTime":1574265083000,"email":"895146920@qq.com","id":1,"image":"https://wpimg.wallstcn.com/f778738c-e4f8-4870-b634-56703b4acafe.gif","mobile":"18171376336","name":"超级管理员","password":"1b181759fc521e7798fa1e87fa960d8f","sex":1,"status":1,"updateTime":1574265083000,"username":"superadmin"},"msg":"成功","status":200}
2019-11-22 03:36:17.678 [SpringContextShutdownHook] INFO  o.s.scheduling.concurrent.ThreadPoolTaskExecutor - Shutting down ExecutorService 'applicationTaskExecutor'
2019-11-22 03:36:17.681 [SpringContextShutdownHook] INFO  com.alibaba.druid.pool.DruidDataSource - {dataSource-1} closed
2019-11-22 03:36:20.968 [restartedMain] INFO  com.xlian.XlianAdminWebApplication - Starting XlianAdminWebApplication on DESKTOP-A66MP9K with PID 960 (E:\IdeaProject\xlian-admin-web\target\classes started by TONGXIN in E:\IdeaProject\xlian-admin-web)
2019-11-22 03:36:20.970 [restartedMain] INFO  com.xlian.XlianAdminWebApplication - No active profile set, falling back to default profiles: default
2019-11-22 03:36:21.003 [restartedMain] INFO  o.s.b.d.env.DevToolsPropertyDefaultsPostProcessor - Devtools property defaults active! Set 'spring.devtools.add-properties' to 'false' to disable
2019-11-22 03:36:21.004 [restartedMain] INFO  o.s.b.d.env.DevToolsPropertyDefaultsPostProcessor - For additional web related logging consider setting the 'logging.level.web' property to 'DEBUG'
2019-11-22 03:36:21.915 [restartedMain] INFO  o.s.boot.web.embedded.tomcat.TomcatWebServer - Tomcat initialized with port(s): 8080 (http)
2019-11-22 03:36:21.921 [restartedMain] INFO  org.apache.coyote.http11.Http11NioProtocol - Initializing ProtocolHandler ["http-nio-8080"]
2019-11-22 03:36:21.922 [restartedMain] INFO  org.apache.catalina.core.StandardService - Starting service [Tomcat]
2019-11-22 03:36:21.922 [restartedMain] INFO  org.apache.catalina.core.StandardEngine - Starting Servlet engine: [Apache Tomcat/9.0.27]
2019-11-22 03:36:21.996 [restartedMain] INFO  o.a.c.core.ContainerBase.[Tomcat].[localhost].[/] - Initializing Spring embedded WebApplicationContext
2019-11-22 03:36:21.996 [restartedMain] INFO  org.springframework.web.context.ContextLoader - Root WebApplicationContext: initialization completed in 992 ms
2019-11-22 03:36:22.153 [restartedMain] INFO  c.a.d.s.b.a.DruidDataSourceAutoConfigure - Init DruidDataSource
2019-11-22 03:36:22.307 [restartedMain] INFO  com.alibaba.druid.pool.DruidDataSource - {dataSource-1} inited
2019-11-22 03:36:22.697 [restartedMain] INFO  o.s.scheduling.concurrent.ThreadPoolTaskExecutor - Initializing ExecutorService 'applicationTaskExecutor'
2019-11-22 03:36:22.943 [restartedMain] INFO  o.s.b.d.autoconfigure.OptionalLiveReloadServer - LiveReload server is running on port 35729
2019-11-22 03:36:22.965 [restartedMain] INFO  org.apache.coyote.http11.Http11NioProtocol - Starting ProtocolHandler ["http-nio-8080"]
2019-11-22 03:36:22.980 [restartedMain] INFO  o.s.boot.web.embedded.tomcat.TomcatWebServer - Tomcat started on port(s): 8080 (http) with context path ''
2019-11-22 03:36:22.982 [restartedMain] INFO  com.xlian.XlianAdminWebApplication - Started XlianAdminWebApplication in 2.286 seconds (JVM running for 2.928)
2019-11-22 03:36:29.064 [http-nio-8080-exec-1] INFO  o.a.c.core.ContainerBase.[Tomcat].[localhost].[/] - Initializing Spring DispatcherServlet 'dispatcherServlet'
2019-11-22 03:36:29.065 [http-nio-8080-exec-1] INFO  org.springframework.web.servlet.DispatcherServlet - Initializing Servlet 'dispatcherServlet'
2019-11-22 03:36:29.072 [http-nio-8080-exec-1] INFO  org.springframework.web.servlet.DispatcherServlet - Completed initialization in 7 ms
2019-11-22 03:36:29.097 [http-nio-8080-exec-1] INFO  com.xlian.system.aop.LogAop - 请求地址 : http://127.0.0.1:8080/logout
2019-11-22 03:36:29.098 [http-nio-8080-exec-1] INFO  com.xlian.system.aop.LogAop - HTTP METHOD : GET
2019-11-22 03:36:29.099 [http-nio-8080-exec-1] INFO  com.xlian.system.aop.LogAop - CLASS_METHOD : com.xlian.system.controller.LoginController.logout
2019-11-22 03:36:29.099 [http-nio-8080-exec-1] INFO  com.xlian.system.aop.LogAop - 参数 : [org.apache.catalina.connector.RequestFacade@6186bb83]
2019-11-22 03:36:29.102 [http-nio-8080-exec-1] INFO  com.xlian.system.aop.LogAop - 耗时 : 5
2019-11-22 03:36:29.154 [http-nio-8080-exec-1] INFO  com.xlian.system.aop.LogAop - 返回值 : {"msg":"成功","status":200}
2019-11-22 03:36:30.197 [http-nio-8080-exec-4] INFO  com.xlian.system.aop.LogAop - 请求地址 : http://127.0.0.1:8080/login
2019-11-22 03:36:30.197 [http-nio-8080-exec-4] INFO  com.xlian.system.aop.LogAop - HTTP METHOD : POST
2019-11-22 03:36:30.197 [http-nio-8080-exec-4] INFO  com.xlian.system.aop.LogAop - CLASS_METHOD : com.xlian.system.controller.LoginController.login
2019-11-22 03:36:30.197 [http-nio-8080-exec-4] INFO  com.xlian.system.aop.LogAop - 参数 : [User(Id=null, username=superadmin, name=null, password=sdhs635=-ej73,.ksdf93, email=null, mobile=null, sex=null, birth=null, image=null, status=null, createTime=null, updateTime=null), org.apache.catalina.connector.RequestFacade@6186bb83]
2019-11-22 03:36:30.347 [http-nio-8080-exec-4] INFO  com.xlian.system.aop.LogAop - 耗时 : 150
2019-11-22 03:36:30.350 [http-nio-8080-exec-4] INFO  com.xlian.system.aop.LogAop - 返回值 : {"data":{"birth":1574265083000,"createTime":1574265083000,"email":"895146920@qq.com","id":1,"image":"https://wpimg.wallstcn.com/f778738c-e4f8-4870-b634-56703b4acafe.gif","mobile":"18171376336","name":"超级管理员","password":"1b181759fc521e7798fa1e87fa960d8f","sex":1,"status":1,"updateTime":1574265083000,"username":"superadmin"},"msg":"成功","status":200}
2019-11-22 03:40:13.311 [SpringContextShutdownHook] INFO  o.s.scheduling.concurrent.ThreadPoolTaskExecutor - Shutting down ExecutorService 'applicationTaskExecutor'
2019-11-22 03:40:13.314 [SpringContextShutdownHook] INFO  com.alibaba.druid.pool.DruidDataSource - {dataSource-1} closed
2019-11-22 03:40:18.315 [restartedMain] INFO  com.xlian.XlianAdminWebApplication - Starting XlianAdminWebApplication on DESKTOP-A66MP9K with PID 15540 (E:\IdeaProject\xlian-admin-web\target\classes started by TONGXIN in E:\IdeaProject\xlian-admin-web)
2019-11-22 03:40:18.317 [restartedMain] INFO  com.xlian.XlianAdminWebApplication - No active profile set, falling back to default profiles: default
2019-11-22 03:40:18.358 [restartedMain] INFO  o.s.b.d.env.DevToolsPropertyDefaultsPostProcessor - Devtools property defaults active! Set 'spring.devtools.add-properties' to 'false' to disable
2019-11-22 03:40:18.358 [restartedMain] INFO  o.s.b.d.env.DevToolsPropertyDefaultsPostProcessor - For additional web related logging consider setting the 'logging.level.web' property to 'DEBUG'
2019-11-22 03:40:19.277 [restartedMain] INFO  o.s.boot.web.embedded.tomcat.TomcatWebServer - Tomcat initialized with port(s): 8080 (http)
2019-11-22 03:40:19.284 [restartedMain] INFO  org.apache.coyote.http11.Http11NioProtocol - Initializing ProtocolHandler ["http-nio-8080"]
2019-11-22 03:40:19.284 [restartedMain] INFO  org.apache.catalina.core.StandardService - Starting service [Tomcat]
2019-11-22 03:40:19.284 [restartedMain] INFO  org.apache.catalina.core.StandardEngine - Starting Servlet engine: [Apache Tomcat/9.0.27]
2019-11-22 03:40:19.346 [restartedMain] INFO  o.a.c.core.ContainerBase.[Tomcat].[localhost].[/] - Initializing Spring embedded WebApplicationContext
2019-11-22 03:40:19.346 [restartedMain] INFO  org.springframework.web.context.ContextLoader - Root WebApplicationContext: initialization completed in 988 ms
2019-11-22 03:40:19.499 [restartedMain] INFO  c.a.d.s.b.a.DruidDataSourceAutoConfigure - Init DruidDataSource
2019-11-22 03:40:19.660 [restartedMain] INFO  com.alibaba.druid.pool.DruidDataSource - {dataSource-1} inited
2019-11-22 03:40:20.086 [restartedMain] INFO  o.s.scheduling.concurrent.ThreadPoolTaskExecutor - Initializing ExecutorService 'applicationTaskExecutor'
2019-11-22 03:40:20.338 [restartedMain] INFO  o.s.b.d.autoconfigure.OptionalLiveReloadServer - LiveReload server is running on port 35729
2019-11-22 03:40:20.362 [restartedMain] INFO  org.apache.coyote.http11.Http11NioProtocol - Starting ProtocolHandler ["http-nio-8080"]
2019-11-22 03:40:20.378 [restartedMain] INFO  o.s.boot.web.embedded.tomcat.TomcatWebServer - Tomcat started on port(s): 8080 (http) with context path ''
2019-11-22 03:40:20.380 [restartedMain] INFO  com.xlian.XlianAdminWebApplication - Started XlianAdminWebApplication in 2.349 seconds (JVM running for 2.972)
2019-11-22 03:40:25.511 [http-nio-8080-exec-1] INFO  o.a.c.core.ContainerBase.[Tomcat].[localhost].[/] - Initializing Spring DispatcherServlet 'dispatcherServlet'
2019-11-22 03:40:25.511 [http-nio-8080-exec-1] INFO  org.springframework.web.servlet.DispatcherServlet - Initializing Servlet 'dispatcherServlet'
2019-11-22 03:40:25.523 [http-nio-8080-exec-1] INFO  org.springframework.web.servlet.DispatcherServlet - Completed initialization in 12 ms
2019-11-22 03:40:25.554 [http-nio-8080-exec-1] INFO  com.xlian.system.aop.LogAop - 请求地址 : http://127.0.0.1:8080/logout
2019-11-22 03:40:25.554 [http-nio-8080-exec-1] INFO  com.xlian.system.aop.LogAop - HTTP METHOD : GET
2019-11-22 03:40:25.556 [http-nio-8080-exec-1] INFO  com.xlian.system.aop.LogAop - CLASS_METHOD : com.xlian.system.controller.LoginController.logout
2019-11-22 03:40:25.556 [http-nio-8080-exec-1] INFO  com.xlian.system.aop.LogAop - 参数 : [org.apache.catalina.connector.RequestFacade@1f8161e4]
2019-11-22 03:40:25.560 [http-nio-8080-exec-1] INFO  com.xlian.system.aop.LogAop - 耗时 : 7
2019-11-22 03:40:25.634 [http-nio-8080-exec-1] INFO  com.xlian.system.aop.LogAop - 返回值 : {"msg":"成功","status":200}
2019-11-22 03:40:26.207 [http-nio-8080-exec-4] INFO  com.xlian.system.aop.LogAop - 请求地址 : http://127.0.0.1:8080/login
2019-11-22 03:40:26.207 [http-nio-8080-exec-4] INFO  com.xlian.system.aop.LogAop - HTTP METHOD : POST
2019-11-22 03:40:26.207 [http-nio-8080-exec-4] INFO  com.xlian.system.aop.LogAop - CLASS_METHOD : com.xlian.system.controller.LoginController.login
2019-11-22 03:40:26.208 [http-nio-8080-exec-4] INFO  com.xlian.system.aop.LogAop - 参数 : [User(Id=null, username=superadmin, name=null, password=sdhs635=-ej73,.ksdf93, email=null, mobile=null, sex=null, birth=null, image=null, status=null, createTime=null, updateTime=null), org.apache.catalina.connector.RequestFacade@1f8161e4]
2019-11-22 03:40:26.344 [http-nio-8080-exec-4] DEBUG com.xlian.system.dao.UserDao.findByCondition - ==>  Preparing: select * from sys_user WHERE username LIKE CONCAT('%', ?, '%') 
2019-11-22 03:40:26.355 [http-nio-8080-exec-4] DEBUG com.xlian.system.dao.UserDao.findByCondition - ==> Parameters: superadmin(String)
2019-11-22 03:40:26.367 [http-nio-8080-exec-4] DEBUG com.xlian.system.dao.UserDao.findByCondition - <==      Total: 1
2019-11-22 03:40:26.370 [http-nio-8080-exec-4] INFO  com.xlian.system.aop.LogAop - 耗时 : 163
2019-11-22 03:40:26.373 [http-nio-8080-exec-4] INFO  com.xlian.system.aop.LogAop - 返回值 : {"data":{"birth":1574265083000,"createTime":1574265083000,"email":"895146920@qq.com","id":1,"image":"https://wpimg.wallstcn.com/f778738c-e4f8-4870-b634-56703b4acafe.gif","mobile":"18171376336","name":"超级管理员","password":"1b181759fc521e7798fa1e87fa960d8f","sex":1,"status":1,"updateTime":1574265083000,"username":"superadmin"},"msg":"成功","status":200}
2019-11-22 03:46:38.621 [SpringContextShutdownHook] INFO  o.s.scheduling.concurrent.ThreadPoolTaskExecutor - Shutting down ExecutorService 'applicationTaskExecutor'
2019-11-22 03:46:38.625 [SpringContextShutdownHook] INFO  com.alibaba.druid.pool.DruidDataSource - {dataSource-1} closed
2019-11-22 03:46:41.918 [restartedMain] INFO  com.xlian.XlianAdminWebApplication - Starting XlianAdminWebApplication on DESKTOP-A66MP9K with PID 20660 (E:\IdeaProject\xlian-admin-web\target\classes started by TONGXIN in E:\IdeaProject\xlian-admin-web)
2019-11-22 03:46:41.919 [restartedMain] DEBUG com.xlian.XlianAdminWebApplication - Running with Spring Boot v2.2.1.RELEASE, Spring v5.2.1.RELEASE
2019-11-22 03:46:41.920 [restartedMain] INFO  com.xlian.XlianAdminWebApplication - No active profile set, falling back to default profiles: default
2019-11-22 03:46:41.956 [restartedMain] INFO  o.s.b.d.env.DevToolsPropertyDefaultsPostProcessor - Devtools property defaults active! Set 'spring.devtools.add-properties' to 'false' to disable
2019-11-22 03:46:41.956 [restartedMain] INFO  o.s.b.d.env.DevToolsPropertyDefaultsPostProcessor - For additional web related logging consider setting the 'logging.level.web' property to 'DEBUG'
2019-11-22 03:46:42.870 [restartedMain] INFO  o.s.boot.web.embedded.tomcat.TomcatWebServer - Tomcat initialized with port(s): 8080 (http)
2019-11-22 03:46:42.875 [restartedMain] INFO  org.apache.coyote.http11.Http11NioProtocol - Initializing ProtocolHandler ["http-nio-8080"]
2019-11-22 03:46:42.876 [restartedMain] INFO  org.apache.catalina.core.StandardService - Starting service [Tomcat]
2019-11-22 03:46:42.876 [restartedMain] INFO  org.apache.catalina.core.StandardEngine - Starting Servlet engine: [Apache Tomcat/9.0.27]
2019-11-22 03:46:42.937 [restartedMain] INFO  o.a.c.core.ContainerBase.[Tomcat].[localhost].[/] - Initializing Spring embedded WebApplicationContext
2019-11-22 03:46:42.937 [restartedMain] INFO  org.springframework.web.context.ContextLoader - Root WebApplicationContext: initialization completed in 981 ms
2019-11-22 03:46:43.086 [restartedMain] INFO  c.a.d.s.b.a.DruidDataSourceAutoConfigure - Init DruidDataSource
2019-11-22 03:46:43.242 [restartedMain] INFO  com.alibaba.druid.pool.DruidDataSource - {dataSource-1} inited
2019-11-22 03:46:43.627 [restartedMain] INFO  o.s.scheduling.concurrent.ThreadPoolTaskExecutor - Initializing ExecutorService 'applicationTaskExecutor'
2019-11-22 03:46:43.871 [restartedMain] INFO  o.s.b.d.autoconfigure.OptionalLiveReloadServer - LiveReload server is running on port 35729
2019-11-22 03:46:43.894 [restartedMain] INFO  org.apache.coyote.http11.Http11NioProtocol - Starting ProtocolHandler ["http-nio-8080"]
2019-11-22 03:46:43.910 [restartedMain] INFO  o.s.boot.web.embedded.tomcat.TomcatWebServer - Tomcat started on port(s): 8080 (http) with context path ''
2019-11-22 03:46:43.913 [restartedMain] INFO  com.xlian.XlianAdminWebApplication - Started XlianAdminWebApplication in 2.275 seconds (JVM running for 2.936)
2019-11-22 03:46:54.586 [http-nio-8080-exec-1] INFO  o.a.c.core.ContainerBase.[Tomcat].[localhost].[/] - Initializing Spring DispatcherServlet 'dispatcherServlet'
2019-11-22 03:46:54.586 [http-nio-8080-exec-1] INFO  org.springframework.web.servlet.DispatcherServlet - Initializing Servlet 'dispatcherServlet'
2019-11-22 03:46:54.601 [http-nio-8080-exec-1] INFO  org.springframework.web.servlet.DispatcherServlet - Completed initialization in 15 ms
2019-11-22 03:46:54.627 [http-nio-8080-exec-1] INFO  com.xlian.system.aop.LogAop - 请求地址 : http://127.0.0.1:8080/logout
2019-11-22 03:46:54.628 [http-nio-8080-exec-1] INFO  com.xlian.system.aop.LogAop - HTTP METHOD : GET
2019-11-22 03:46:54.629 [http-nio-8080-exec-1] INFO  com.xlian.system.aop.LogAop - CLASS_METHOD : com.xlian.system.controller.LoginController.logout
2019-11-22 03:46:54.629 [http-nio-8080-exec-1] INFO  com.xlian.system.aop.LogAop - 参数 : [org.apache.catalina.connector.RequestFacade@336945aa]
2019-11-22 03:46:54.633 [http-nio-8080-exec-1] INFO  com.xlian.system.aop.LogAop - 耗时 : 6
2019-11-22 03:46:54.687 [http-nio-8080-exec-1] INFO  com.xlian.system.aop.LogAop - 返回值 : {"msg":"成功","status":200}
2019-11-22 03:46:55.304 [http-nio-8080-exec-3] INFO  com.xlian.system.aop.LogAop - 请求地址 : http://127.0.0.1:8080/login
2019-11-22 03:46:55.304 [http-nio-8080-exec-3] INFO  com.xlian.system.aop.LogAop - HTTP METHOD : POST
2019-11-22 03:46:55.304 [http-nio-8080-exec-3] INFO  com.xlian.system.aop.LogAop - CLASS_METHOD : com.xlian.system.controller.LoginController.login
2019-11-22 03:46:55.304 [http-nio-8080-exec-3] INFO  com.xlian.system.aop.LogAop - 参数 : [User(Id=null, username=superadmin, name=null, password=sdhs635=-ej73,.ksdf93, email=null, mobile=null, sex=null, birth=null, image=null, status=null, createTime=null, updateTime=null), org.apache.catalina.connector.RequestFacade@336945aa]
2019-11-22 03:46:55.450 [http-nio-8080-exec-3] DEBUG com.xlian.system.dao.UserDao.findByCondition - ==>  Preparing: select * from sys_user WHERE username LIKE CONCAT('%', ?, '%') 
2019-11-22 03:46:55.461 [http-nio-8080-exec-3] DEBUG com.xlian.system.dao.UserDao.findByCondition - ==> Parameters: superadmin(String)
2019-11-22 03:46:55.473 [http-nio-8080-exec-3] DEBUG com.xlian.system.dao.UserDao.findByCondition - <==      Total: 1
2019-11-22 03:46:55.479 [http-nio-8080-exec-3] INFO  com.xlian.system.aop.LogAop - 耗时 : 175
2019-11-22 03:46:55.482 [http-nio-8080-exec-3] INFO  com.xlian.system.aop.LogAop - 返回值 : {"data":{"birth":1574265083000,"createTime":1574265083000,"email":"895146920@qq.com","id":1,"image":"https://wpimg.wallstcn.com/f778738c-e4f8-4870-b634-56703b4acafe.gif","mobile":"18171376336","name":"超级管理员","password":"1b181759fc521e7798fa1e87fa960d8f","sex":1,"status":1,"updateTime":1574265083000,"username":"superadmin"},"msg":"成功","status":200}
2019-11-22 04:05:33.975 [http-nio-8080-exec-4] INFO  com.xlian.system.aop.LogAop - 请求地址 : http://127.0.0.1:8080/sys/user/info
2019-11-22 04:05:33.976 [http-nio-8080-exec-4] INFO  com.xlian.system.aop.LogAop - HTTP METHOD : GET
2019-11-22 04:05:33.976 [http-nio-8080-exec-4] INFO  com.xlian.system.aop.LogAop - CLASS_METHOD : com.xlian.system.controller.UserController.getUserInfo
2019-11-22 04:05:33.976 [http-nio-8080-exec-4] INFO  com.xlian.system.aop.LogAop - 参数 : []
2019-11-22 04:05:33.979 [http-nio-8080-exec-4] INFO  com.xlian.system.aop.LogAop - 耗时 : 4
2019-11-22 04:05:33.979 [http-nio-8080-exec-4] INFO  com.xlian.system.aop.LogAop - 返回值 : {"data":{"birth":1574265083000,"createTime":1574265083000,"email":"895146920@qq.com","id":1,"image":"https://wpimg.wallstcn.com/f778738c-e4f8-4870-b634-56703b4acafe.gif","mobile":"18171376336","name":"超级管理员","password":"1b181759fc521e7798fa1e87fa960d8f","sex":1,"status":1,"updateTime":1574265083000,"username":"superadmin"},"msg":"成功","status":200}
2019-11-22 04:07:59.590 [http-nio-8080-exec-9] INFO  com.xlian.system.aop.LogAop - 请求地址 : http://127.0.0.1:8080/sys/user/info
2019-11-22 04:07:59.590 [http-nio-8080-exec-9] INFO  com.xlian.system.aop.LogAop - HTTP METHOD : GET
2019-11-22 04:07:59.590 [http-nio-8080-exec-9] INFO  com.xlian.system.aop.LogAop - CLASS_METHOD : com.xlian.system.controller.UserController.getUserInfo
2019-11-22 04:07:59.590 [http-nio-8080-exec-9] INFO  com.xlian.system.aop.LogAop - 参数 : []
2019-11-22 04:07:59.590 [http-nio-8080-exec-9] INFO  com.xlian.system.aop.LogAop - 耗时 : 0
2019-11-22 04:07:59.590 [http-nio-8080-exec-9] INFO  com.xlian.system.aop.LogAop - 返回值 : {"data":{"birth":1574265083000,"createTime":1574265083000,"email":"895146920@qq.com","id":1,"image":"https://wpimg.wallstcn.com/f778738c-e4f8-4870-b634-56703b4acafe.gif","mobile":"18171376336","name":"超级管理员","password":"1b181759fc521e7798fa1e87fa960d8f","sex":1,"status":1,"updateTime":1574265083000,"username":"superadmin"},"msg":"成功","status":200}
2019-11-22 04:09:29.027 [http-nio-8080-exec-8] INFO  com.xlian.system.aop.LogAop - 请求地址 : http://127.0.0.1:8080/sys/user/info
2019-11-22 04:09:29.027 [http-nio-8080-exec-8] INFO  com.xlian.system.aop.LogAop - HTTP METHOD : GET
2019-11-22 04:09:29.028 [http-nio-8080-exec-8] INFO  com.xlian.system.aop.LogAop - CLASS_METHOD : com.xlian.system.controller.UserController.getUserInfo
2019-11-22 04:09:29.028 [http-nio-8080-exec-8] INFO  com.xlian.system.aop.LogAop - 参数 : []
2019-11-22 04:09:29.028 [http-nio-8080-exec-8] INFO  com.xlian.system.aop.LogAop - 耗时 : 1
2019-11-22 04:09:29.028 [http-nio-8080-exec-8] INFO  com.xlian.system.aop.LogAop - 返回值 : {"data":{"birth":1574265083000,"createTime":1574265083000,"email":"895146920@qq.com","id":1,"image":"https://wpimg.wallstcn.com/f778738c-e4f8-4870-b634-56703b4acafe.gif","mobile":"18171376336","name":"超级管理员","password":"1b181759fc521e7798fa1e87fa960d8f","sex":1,"status":1,"updateTime":1574265083000,"username":"superadmin"},"msg":"成功","status":200}
2019-11-22 04:23:57.881 [http-nio-8080-exec-10] INFO  com.xlian.system.aop.LogAop - 请求地址 : http://127.0.0.1:8080/sys/user/info
2019-11-22 04:23:57.881 [http-nio-8080-exec-10] INFO  com.xlian.system.aop.LogAop - HTTP METHOD : GET
2019-11-22 04:23:57.881 [http-nio-8080-exec-10] INFO  com.xlian.system.aop.LogAop - CLASS_METHOD : com.xlian.system.controller.UserController.getUserInfo
2019-11-22 04:23:57.881 [http-nio-8080-exec-10] INFO  com.xlian.system.aop.LogAop - 参数 : []
2019-11-22 04:23:57.881 [http-nio-8080-exec-10] INFO  com.xlian.system.aop.LogAop - 耗时 : 0
2019-11-22 04:23:57.881 [http-nio-8080-exec-10] INFO  com.xlian.system.aop.LogAop - 返回值 : {"data":{"birth":1574265083000,"createTime":1574265083000,"email":"895146920@qq.com","id":1,"image":"https://wpimg.wallstcn.com/f778738c-e4f8-4870-b634-56703b4acafe.gif","mobile":"18171376336","name":"超级管理员","password":"1b181759fc521e7798fa1e87fa960d8f","sex":1,"status":1,"updateTime":1574265083000,"username":"superadmin"},"msg":"成功","status":200}
2019-11-22 04:25:26.471 [http-nio-8080-exec-3] INFO  com.xlian.system.aop.LogAop - 请求地址 : http://127.0.0.1:8080/sys/user/info
2019-11-22 04:25:26.471 [http-nio-8080-exec-3] INFO  com.xlian.system.aop.LogAop - HTTP METHOD : GET
2019-11-22 04:25:26.472 [http-nio-8080-exec-3] INFO  com.xlian.system.aop.LogAop - CLASS_METHOD : com.xlian.system.controller.UserController.getUserInfo
2019-11-22 04:25:26.472 [http-nio-8080-exec-3] INFO  com.xlian.system.aop.LogAop - 参数 : []
2019-11-22 04:25:26.472 [http-nio-8080-exec-3] INFO  com.xlian.system.aop.LogAop - 耗时 : 1
2019-11-22 04:25:26.472 [http-nio-8080-exec-3] INFO  com.xlian.system.aop.LogAop - 返回值 : {"data":{"birth":1574265083000,"createTime":1574265083000,"email":"895146920@qq.com","id":1,"image":"https://wpimg.wallstcn.com/f778738c-e4f8-4870-b634-56703b4acafe.gif","mobile":"18171376336","name":"超级管理员","password":"1b181759fc521e7798fa1e87fa960d8f","sex":1,"status":1,"updateTime":1574265083000,"username":"superadmin"},"msg":"成功","status":200}
2019-11-22 04:26:46.187 [http-nio-8080-exec-2] INFO  com.xlian.system.aop.LogAop - 请求地址 : http://127.0.0.1:8080/sys/user/info
2019-11-22 04:26:46.188 [http-nio-8080-exec-2] INFO  com.xlian.system.aop.LogAop - HTTP METHOD : GET
2019-11-22 04:26:46.188 [http-nio-8080-exec-2] INFO  com.xlian.system.aop.LogAop - CLASS_METHOD : com.xlian.system.controller.UserController.getUserInfo
2019-11-22 04:26:46.188 [http-nio-8080-exec-2] INFO  com.xlian.system.aop.LogAop - 参数 : []
2019-11-22 04:26:46.188 [http-nio-8080-exec-2] INFO  com.xlian.system.aop.LogAop - 耗时 : 1
2019-11-22 04:26:46.188 [http-nio-8080-exec-2] INFO  com.xlian.system.aop.LogAop - 返回值 : {"data":{"birth":1574265083000,"createTime":1574265083000,"email":"895146920@qq.com","id":1,"image":"https://wpimg.wallstcn.com/f778738c-e4f8-4870-b634-56703b4acafe.gif","mobile":"18171376336","name":"超级管理员","password":"1b181759fc521e7798fa1e87fa960d8f","sex":1,"status":1,"updateTime":1574265083000,"username":"superadmin"},"msg":"成功","status":200}
2019-11-23 09:00:42.143 [SpringContextShutdownHook] INFO  o.s.scheduling.concurrent.ThreadPoolTaskExecutor - Shutting down ExecutorService 'applicationTaskExecutor'
2019-11-23 09:00:42.149 [SpringContextShutdownHook] INFO  com.alibaba.druid.pool.DruidDataSource - {dataSource-1} closed
